Release 14.7 - xst P.20131013 (nt64)
Copyright (c) 1995-2013 Xilinx, Inc.  All rights reserved.
--> Parameter TMPDIR set to xst/projnav.tmp


Total REAL time to Xst completion: 0.00 secs
Total CPU time to Xst completion: 0.08 secs
 
--> Parameter xsthdpdir set to xst


Total REAL time to Xst completion: 0.00 secs
Total CPU time to Xst completion: 0.08 secs
 
--> Reading design: bin_cnt_strc.prj

TABLE OF CONTENTS
  1) Synthesis Options Summary
  2) HDL Parsing
  3) HDL Elaboration
  4) HDL Synthesis
       4.1) HDL Synthesis Report
  5) Advanced HDL Synthesis
       5.1) Advanced HDL Synthesis Report
  6) Low Level Synthesis
  7) Partition Report
  8) Design Summary
       8.1) Primitive and Black Box Usage
       8.2) Device utilization summary
       8.3) Partition Resource Summary
       8.4) Timing Report
            8.4.1) Clock Information
            8.4.2) Asynchronous Control Signals Information
            8.4.3) Timing Summary
            8.4.4) Timing Details
            8.4.5) Cross Clock Domains Report


=========================================================================
*                      Synthesis Options Summary                        *
=========================================================================
---- Source Parameters
Input File Name                    : "bin_cnt_strc.prj"
Ignore Synthesis Constraint File   : NO

---- Target Parameters
Output File Name                   : "bin_cnt_strc"
Output Format                      : NGC
Target Device                      : xa7a100t-2I-csg324

---- Source Options
Top Module Name                    : bin_cnt_strc
Automatic FSM Extraction           : YES
FSM Encoding Algorithm             : Auto
Safe Implementation                : No
FSM Style                          : LUT
RAM Extraction                     : Yes
RAM Style                          : Auto
ROM Extraction                     : Yes
Shift Register Extraction          : YES
ROM Style                          : Auto
Resource Sharing                   : YES
Asynchronous To Synchronous        : NO
Shift Register Minimum Size        : 2
Use DSP Block                      : Auto
Automatic Register Balancing       : No

---- Target Options
LUT Combining                      : Auto
Reduce Control Sets                : Auto
Add IO Buffers                     : YES
Global Maximum Fanout              : 100000
Add Generic Clock Buffer(BUFG)     : 32
Register Duplication               : YES
Optimize Instantiated Primitives   : NO
Use Clock Enable                   : Auto
Use Synchronous Set                : Auto
Use Synchronous Reset              : Auto
Pack IO Registers into IOBs        : Auto
Equivalent register Removal        : YES

---- General Options
Optimization Goal                  : Speed
Optimization Effort                : 1
Power Reduction                    : NO
Keep Hierarchy                     : No
Netlist Hierarchy                  : As_Optimized
RTL Output                         : Yes
Global Optimization                : AllClockNets
Read Cores                         : YES
Write Timing Constraints           : NO
Cross Clock Analysis               : NO
Hierarchy Separator                : /
Bus Delimiter                      : <>
Case Specifier                     : Maintain
Slice Utilization Ratio            : 100
BRAM Utilization Ratio             : 100
DSP48 Utilization Ratio            : 100
Auto BRAM Packing                  : NO
Slice Utilization Ratio Delta      : 5

=========================================================================


=========================================================================
*                          HDL Parsing                                  *
=========================================================================
Analyzing Verilog file "C:\Users\Student\bin_cnt_strctrl\dff.v" into library work
Parsing module <dff>.
Analyzing Verilog file "C:\Users\Student\bin_cnt_strctrl\add_by_1.v" into library work
Parsing module <add_by_1>.
Analyzing Verilog file "C:\Users\Student\bc_structural\clk_divider.v" into library work
Parsing module <clk_divider>.
Analyzing Verilog file "C:\Users\Student\bin_cnt_strctrl\bin_cnt_strc.v" into library work
Parsing module <bin_cnt_strc>.

=========================================================================
*                            HDL Elaboration                            *
=========================================================================

Elaborating module <bin_cnt_strc>.

Elaborating module <clk_divider>.

Elaborating module <dff>.

Elaborating module <add_by_1>.

=========================================================================
*                           HDL Synthesis                               *
=========================================================================

Synthesizing Unit <bin_cnt_strc>.
    Related source file is "C:\Users\Student\bin_cnt_strctrl\bin_cnt_strc.v".
    Summary:
	no macro.
Unit <bin_cnt_strc> synthesized.

Synthesizing Unit <clk_divider>.
    Related source file is "C:\Users\Student\bc_structural\clk_divider.v".
        factor = 32'b00000000000000000000000000000010
    Found 1-bit register for signal <out_clk>.
    Found 32-bit register for signal <cnt>.
    Found 32-bit adder for signal <cnt[31]_GND_2_o_add_1_OUT> created at line 16.
    Found 32-bit comparator greater for signal <n0001> created at line 17
    Summary:
	inferred   1 Adder/Subtractor(s).
	inferred  33 D-type flip-flop(s).
	inferred   1 Comparator(s).
Unit <clk_divider> synthesized.

Synthesizing Unit <dff>.
    Related source file is "C:\Users\Student\bin_cnt_strctrl\dff.v".
    Found 1-bit register for signal <q>.
    Summary:
	inferred   1 D-type flip-flop(s).
Unit <dff> synthesized.

Synthesizing Unit <add_by_1>.
    Related source file is "C:\Users\Student\bin_cnt_strctrl\add_by_1.v".
    Summary:
Unit <add_by_1> synthesized.

=========================================================================
HDL Synthesis Report

Macro Statistics
# Adders/Subtractors                                   : 1
 32-bit adder                                          : 1
# Registers                                            : 6
 1-bit register                                        : 5
 32-bit register                                       : 1
# Comparators                                          : 1
 32-bit comparator greater                             : 1
# Xors                                                 : 3
 1-bit xor2                                            : 3

=========================================================================

=========================================================================
*                       Advanced HDL Synthesis                          *
=========================================================================

WARNING:Xst - The specified part-type was not generated at build time. XST is loading the full part-type and will therefore consume more CPU and memory.
Loading device for application Rf_Device from file '7a100t.nph' in environment C:\Xilinx\14.7\ISE_DS\ISE\.
Loading device for application Rf_Device from file '7a100t.nph' in environment C:\Xilinx\14.7\ISE_DS\ISE\.

Synthesizing (advanced) Unit <clk_divider>.
The following registers are absorbed into counter <cnt>: 1 register on signal <cnt>.
Unit <clk_divider> synthesized (advanced).

=========================================================================
Advanced HDL Synthesis Report

Macro Statistics
# Counters                                             : 1
 32-bit up counter                                     : 1
# Registers                                            : 5
 Flip-Flops                                            : 5
# Comparators                                          : 1
 32-bit comparator greater                             : 1
# Xors                                                 : 3
 1-bit xor2                                            : 3

=========================================================================

=========================================================================
*                         Low Level Synthesis                           *
=========================================================================

Optimizing unit <bin_cnt_strc> ...

Mapping all equations...
Building and optimizing final netlist ...
Found area constraint ratio of 100 (+ 5) on block bin_cnt_strc, actual ratio is 0.

Final Macro Processing ...

=========================================================================
Final Register Report

Macro Statistics
# Registers                                            : 37
 Flip-Flops                                            : 37

=========================================================================

=========================================================================
*                           Partition Report                            *
=========================================================================

Partition Implementation Status
-------------------------------

  No Partitions were found in this design.

-------------------------------

=========================================================================
*                            Design Summary                             *
=========================================================================

Top Level Output File Name         : bin_cnt_strc.ngc

Primitive and Black Box Usage:
------------------------------
# BELS                             : 148
#      GND                         : 1
#      INV                         : 3
#      LUT1                        : 31
#      LUT2                        : 27
#      LUT3                        : 1
#      LUT4                        : 2
#      LUT5                        : 11
#      MUXCY                       : 39
#      VCC                         : 1
#      XORCY                       : 32
# FlipFlops/Latches                : 37
#      FD                          : 25
#      FDC                         : 4
#      FDR                         : 8
# Clock Buffers                    : 1
#      BUFGP                       : 1
# IO Buffers                       : 5
#      IBUF                        : 1
#      OBUF                        : 4

Device utilization summary:
---------------------------

Selected Device : xa7a100tcsg324-2i 


Slice Logic Utilization: 
 Number of Slice Registers:              37  out of  126800     0%  
 Number of Slice LUTs:                   75  out of  63400     0%  
    Number used as Logic:                75  out of  63400     0%  

Slice Logic Distribution: 
 Number of LUT Flip Flop pairs used:     76
   Number with an unused Flip Flop:      39  out of     76    51%  
   Number with an unused LUT:             1  out of     76     1%  
   Number of fully used LUT-FF pairs:    36  out of     76    47%  
   Number of unique control sets:         3

IO Utilization: 
 Number of IOs:                           6
 Number of bonded IOBs:                   6  out of    210     2%  

Specific Feature Utilization:
 Number of BUFG/BUFGCTRLs:                1  out of     32     3%  

---------------------------
Partition Resource Summary:
---------------------------

  No Partitions were found in this design.

---------------------------


=========================================================================
Timing Report

NOTE: THESE TIMING NUMBERS ARE ONLY A SYNTHESIS ESTIMATE.
      FOR ACCURATE TIMING INFORMATION PLEASE REFER TO THE TRACE REPORT
      GENERATED AFTER PLACE-and-ROUTE.

Clock Information:
------------------
-----------------------------------+------------------------+-------+
Clock Signal                       | Clock buffer(FF name)  | Load  |
-----------------------------------+------------------------+-------+
clk                                | BUFGP                  | 33    |
cd1/out_clk                        | NONE(d4/q)             | 4     |
-----------------------------------+------------------------+-------+
INFO:Xst:2169 - HDL ADVISOR - Some clock signals were not automatically buffered by XST with BUFG/BUFR resources. Please use the buffer_type constraint in order to insert these buffers to the clock signals to help prevent skew problems.

Asynchronous Control Signals Information:
----------------------------------------
No asynchronous control signals found in this design

Timing Summary:
---------------
Speed Grade: -2

   Minimum period: 3.012ns (Maximum Frequency: 332.007MHz)
   Minimum input arrival time before clock: 0.706ns
   Maximum output required time after clock: 0.723ns
   Maximum combinational path delay: No path found

Timing Details:
---------------
All values displayed in nanoseconds (ns)

=========================================================================
Timing constraint: Default period analysis for Clock 'clk'
  Clock period: 3.012ns (frequency: 332.007MHz)
  Total number of paths / destination ports: 2607 / 41
-------------------------------------------------------------------------
Delay:               3.012ns (Levels of Logic = 9)
  Source:            cd1/cnt_1 (FF)
  Destination:       cd1/cnt_24 (FF)
  Source Clock:      clk rising
  Destination Clock: clk rising

  Data Path: cd1/cnt_1 to cd1/cnt_24
                                Gate     Net
    Cell:in->out      fanout   Delay   Delay  Logical Name (Net Name)
    ----------------------------------------  ------------
     FD:C->Q               3   0.361   0.755  cd1/cnt_1 (cd1/cnt_1)
     LUT5:I0->O            1   0.097   0.000  cd1/Mcompar_n0001_lut<0> (cd1/Mcompar_n0001_lut<0>)
     MUXCY:S->O            1   0.353   0.000  cd1/Mcompar_n0001_cy<0> (cd1/Mcompar_n0001_cy<0>)
     MUXCY:CI->O           1   0.023   0.000  cd1/Mcompar_n0001_cy<1> (cd1/Mcompar_n0001_cy<1>)
     MUXCY:CI->O           1   0.023   0.000  cd1/Mcompar_n0001_cy<2> (cd1/Mcompar_n0001_cy<2>)
     MUXCY:CI->O           1   0.023   0.000  cd1/Mcompar_n0001_cy<3> (cd1/Mcompar_n0001_cy<3>)
     MUXCY:CI->O           1   0.023   0.000  cd1/Mcompar_n0001_cy<4> (cd1/Mcompar_n0001_cy<4>)
     MUXCY:CI->O           1   0.023   0.000  cd1/Mcompar_n0001_cy<5> (cd1/Mcompar_n0001_cy<5>)
     MUXCY:CI->O          26   0.023   0.468  cd1/Mcompar_n0001_cy<6> (cd1/Mcompar_n0001_cy<6>)
     INV:I->O              8   0.113   0.378  cd1/Mcompar_n0001_cy<6>_inv_INV_0 (cd1/Mcompar_n0001_cy<6>_inv)
     FDR:R                     0.349          cd1/cnt_24
    ----------------------------------------
    Total                      3.012ns (1.411ns logic, 1.601ns route)
                                       (46.8% logic, 53.2% route)

=========================================================================
Timing constraint: Default period analysis for Clock 'cd1/out_clk'
  Clock period: 1.183ns (frequency: 845.130MHz)
  Total number of paths / destination ports: 10 / 4
-------------------------------------------------------------------------
Delay:               1.183ns (Levels of Logic = 1)
  Source:            d1/q (FF)
  Destination:       d1/q (FF)
  Source Clock:      cd1/out_clk rising
  Destination Clock: cd1/out_clk rising

  Data Path: d1/q to d1/q
                                Gate     Net
    Cell:in->out      fanout   Delay   Delay  Logical Name (Net Name)
    ----------------------------------------  ------------
     FDC:C->Q              5   0.361   0.362  d1/q (d1/q)
     INV:I->O              1   0.113   0.339  a1/sum<0>1_INV_0 (adder_out<0>)
     FDC:D                     0.008          d1/q
    ----------------------------------------
    Total                      1.183ns (0.482ns logic, 0.701ns route)
                                       (40.7% logic, 59.3% route)

=========================================================================
Timing constraint: Default OFFSET IN BEFORE for Clock 'cd1/out_clk'
  Total number of paths / destination ports: 4 / 4
-------------------------------------------------------------------------
Offset:              0.706ns (Levels of Logic = 1)
  Source:            rst (PAD)
  Destination:       d4/q (FF)
  Destination Clock: cd1/out_clk rising

  Data Path: rst to d4/q
                                Gate     Net
    Cell:in->out      fanout   Delay   Delay  Logical Name (Net Name)
    ----------------------------------------  ------------
     IBUF:I->O             4   0.001   0.356  rst_IBUF (rst_IBUF)
     FDC:CLR                   0.349          d4/q
    ----------------------------------------
    Total                      0.706ns (0.350ns logic, 0.356ns route)
                                       (49.6% logic, 50.4% route)

=========================================================================
Timing constraint: Default OFFSET OUT AFTER for Clock 'cd1/out_clk'
  Total number of paths / destination ports: 4 / 4
-------------------------------------------------------------------------
Offset:              0.723ns (Levels of Logic = 1)
  Source:            d1/q (FF)
  Destination:       counter<0> (PAD)
  Source Clock:      cd1/out_clk rising

  Data Path: d1/q to counter<0>
                                Gate     Net
    Cell:in->out      fanout   Delay   Delay  Logical Name (Net Name)
    ----------------------------------------  ------------
     FDC:C->Q              5   0.361   0.362  d1/q (d1/q)
     OBUF:I->O                 0.000          counter_0_OBUF (counter<0>)
    ----------------------------------------
    Total                      0.723ns (0.361ns logic, 0.362ns route)
                                       (49.9% logic, 50.1% route)

=========================================================================

Cross Clock Domains Report:
--------------------------

Clock to Setup on destination clock cd1/out_clk
---------------+---------+---------+---------+---------+
               | Src:Rise| Src:Fall| Src:Rise| Src:Fall|
Source Clock   |Dest:Rise|Dest:Rise|Dest:Fall|Dest:Fall|
---------------+---------+---------+---------+---------+
cd1/out_clk    |    1.183|         |         |         |
---------------+---------+---------+---------+---------+

Clock to Setup on destination clock clk
---------------+---------+---------+---------+---------+
               | Src:Rise| Src:Fall| Src:Rise| Src:Fall|
Source Clock   |Dest:Rise|Dest:Rise|Dest:Fall|Dest:Fall|
---------------+---------+---------+---------+---------+
clk            |    3.012|         |         |         |
---------------+---------+---------+---------+---------+

=========================================================================


Total REAL time to Xst completion: 29.00 secs
Total CPU time to Xst completion: 28.87 secs
 
--> 

Total memory usage is 5046492 kilobytes

Number of errors   :    0 (   0 filtered)
Number of warnings :    1 (   0 filtered)
Number of infos    :    1 (   0 filtered)

