Running: C:\Xilinx\14.7\ISE_DS\ISE\bin\nt64\unwrapped\fuse.exe -intstyle ise -incremental -lib unisims_ver -lib unimacro_ver -lib xilinxcorelib_ver -lib secureip -o C:/Users/Student/bin_cnt_strctrl/bin_cnt_strc_tb_isim_beh.exe -prj C:/Users/Student/bin_cnt_strctrl/bin_cnt_strc_tb_beh.prj work.bin_cnt_strc_tb work.glbl 
ISim P.20131013 (signature 0x7708f090)
Number of CPUs detected in this system: 4
Turning on mult-threading, number of parallel sub-compilation jobs: 8 
Determining compilation order of HDL files
Analyzing Verilog file "C:/Users/Student/bin_cnt_strctrl/dff.v" into library work
Analyzing Verilog file "C:/Users/Student/bin_cnt_strctrl/add_by_1.v" into library work
Analyzing Verilog file "C:/Users/Student/bin_cnt_strctrl/../bc_structural/clk_divider.v" into library work
Analyzing Verilog file "C:/Users/Student/bin_cnt_strctrl/bin_cnt_strc.v" into library work
Analyzing Verilog file "C:/Users/Student/bin_cnt_strctrl/bin_cnt_strc_tb.v" into library work
Analyzing Verilog file "C:/Xilinx/14.7/ISE_DS/ISE//verilog/src/glbl.v" into library work
Starting static elaboration
Completed static elaboration
Compiling module clk_divider
Compiling module dff
Compiling module add_by_1
Compiling module bin_cnt_strc
Compiling module bin_cnt_strc_tb
Compiling module glbl
Time Resolution for simulation is 1ps.
Waiting for 1 sub-compilation(s) to finish...
Compiled 6 Verilog Units
Built simulation executable C:/Users/Student/bin_cnt_strctrl/bin_cnt_strc_tb_isim_beh.exe
Fuse Memory Usage: 27820 KB
Fuse CPU Usage: 358 ms
