Release 14.7 - xst P.20131013 (nt64)
Copyright (c) 1995-2013 Xilinx, Inc.  All rights reserved.
--> Parameter TMPDIR set to xst/projnav.tmp


Total REAL time to Xst completion: 0.00 secs
Total CPU time to Xst completion: 0.15 secs
 
--> Parameter xsthdpdir set to xst


Total REAL time to Xst completion: 0.00 secs
Total CPU time to Xst completion: 0.15 secs
 
--> Reading design: wrapper.prj

TABLE OF CONTENTS
  1) Synthesis Options Summary
  2) HDL Parsing
  3) HDL Elaboration
  4) HDL Synthesis
       4.1) HDL Synthesis Report
  5) Advanced HDL Synthesis
       5.1) Advanced HDL Synthesis Report
  6) Low Level Synthesis
  7) Partition Report
  8) Design Summary
       8.1) Primitive and Black Box Usage
       8.2) Device utilization summary
       8.3) Partition Resource Summary
       8.4) Timing Report
            8.4.1) Clock Information
            8.4.2) Asynchronous Control Signals Information
            8.4.3) Timing Summary
            8.4.4) Timing Details
            8.4.5) Cross Clock Domains Report


=========================================================================
*                      Synthesis Options Summary                        *
=========================================================================
---- Source Parameters
Input File Name                    : "wrapper.prj"
Ignore Synthesis Constraint File   : NO

---- Target Parameters
Output File Name                   : "wrapper"
Output Format                      : NGC
Target Device                      : xa7a100t-2I-csg324

---- Source Options
Top Module Name                    : wrapper
Automatic FSM Extraction           : YES
FSM Encoding Algorithm             : Auto
Safe Implementation                : No
FSM Style                          : LUT
RAM Extraction                     : Yes
RAM Style                          : Auto
ROM Extraction                     : Yes
Shift Register Extraction          : YES
ROM Style                          : Auto
Resource Sharing                   : YES
Asynchronous To Synchronous        : NO
Shift Register Minimum Size        : 2
Use DSP Block                      : Auto
Automatic Register Balancing       : No

---- Target Options
LUT Combining                      : Auto
Reduce Control Sets                : Auto
Add IO Buffers                     : YES
Global Maximum Fanout              : 100000
Add Generic Clock Buffer(BUFG)     : 32
Register Duplication               : YES
Optimize Instantiated Primitives   : NO
Use Clock Enable                   : Auto
Use Synchronous Set                : Auto
Use Synchronous Reset              : Auto
Pack IO Registers into IOBs        : Auto
Equivalent register Removal        : YES

---- General Options
Optimization Goal                  : Speed
Optimization Effort                : 1
Power Reduction                    : NO
Keep Hierarchy                     : No
Netlist Hierarchy                  : As_Optimized
RTL Output                         : Yes
Global Optimization                : AllClockNets
Read Cores                         : YES
Write Timing Constraints           : NO
Cross Clock Analysis               : NO
Hierarchy Separator                : /
Bus Delimiter                      : <>
Case Specifier                     : Maintain
Slice Utilization Ratio            : 100
BRAM Utilization Ratio             : 100
DSP48 Utilization Ratio            : 100
Auto BRAM Packing                  : NO
Slice Utilization Ratio Delta      : 5

=========================================================================


=========================================================================
*                          HDL Parsing                                  *
=========================================================================
Analyzing Verilog file "C:\Users\Student\bin_cnt_strctrl\dff.v" into library work
Parsing module <dff>.
Analyzing Verilog file "C:\Users\Student\bin_cnt_strctrl\add_by_1.v" into library work
Parsing module <add_by_1>.
Analyzing Verilog file "C:\Users\Student\bc_structural\clk_divider.v" into library work
Parsing module <clk_divider>.
Analyzing Verilog file "C:\Users\Student\bin_cnt_strctrl\bin_cnt_strc.v" into library work
Parsing module <bin_cnt_strc>.
Analyzing Verilog file "C:\Users\Student\bin_cnt_strctrl\wrapper_bin_cnt_strc.v" into library work
Parsing module <wrapper>.

=========================================================================
*                            HDL Elaboration                            *
=========================================================================

Elaborating module <wrapper>.
WARNING:HDLCompiler:604 - "C:\Users\Student\bin_cnt_strctrl\wrapper_bin_cnt_strc.v" Line 28: Module instantiation should have an instance name

Elaborating module <bin_cnt_strc>.

Elaborating module <clk_divider>.

Elaborating module <dff>.

Elaborating module <add_by_1>.

=========================================================================
*                           HDL Synthesis                               *
=========================================================================

Synthesizing Unit <wrapper>.
    Related source file is "C:\Users\Student\bin_cnt_strctrl\wrapper_bin_cnt_strc.v".
    Found 4-bit register for signal <counter>.
    Summary:
	inferred   4 D-type flip-flop(s).
Unit <wrapper> synthesized.

Synthesizing Unit <bin_cnt_strc>.
    Related source file is "C:\Users\Student\bin_cnt_strctrl\bin_cnt_strc.v".
    Summary:
	no macro.
Unit <bin_cnt_strc> synthesized.

Synthesizing Unit <clk_divider>.
    Related source file is "C:\Users\Student\bc_structural\clk_divider.v".
        factor = 32'b00000101111101011110000100000000
    Found 1-bit register for signal <out_clk>.
    Found 32-bit register for signal <cnt>.
    Found 32-bit adder for signal <cnt[31]_GND_3_o_add_1_OUT> created at line 16.
    Found 32-bit comparator greater for signal <n0001> created at line 17
    Found 32-bit comparator greater for signal <cnt[31]_GND_3_o_LessThan_5_o> created at line 19
    Summary:
	inferred   1 Adder/Subtractor(s).
	inferred  33 D-type flip-flop(s).
	inferred   2 Comparator(s).
Unit <clk_divider> synthesized.

Synthesizing Unit <dff>.
    Related source file is "C:\Users\Student\bin_cnt_strctrl\dff.v".
    Found 1-bit register for signal <q>.
    Summary:
	inferred   1 D-type flip-flop(s).
Unit <dff> synthesized.

Synthesizing Unit <add_by_1>.
    Related source file is "C:\Users\Student\bin_cnt_strctrl\add_by_1.v".
    Summary:
Unit <add_by_1> synthesized.

=========================================================================
HDL Synthesis Report

Macro Statistics
# Adders/Subtractors                                   : 1
 32-bit adder                                          : 1
# Registers                                            : 7
 1-bit register                                        : 5
 32-bit register                                       : 1
 4-bit register                                        : 1
# Comparators                                          : 2
 32-bit comparator greater                             : 2
# Xors                                                 : 3
 1-bit xor2                                            : 3

=========================================================================

=========================================================================
*                       Advanced HDL Synthesis                          *
=========================================================================

WARNING:Xst - The specified part-type was not generated at build time. XST is loading the full part-type and will therefore consume more CPU and memory.
Loading device for application Rf_Device from file '7a100t.nph' in environment C:\Xilinx\14.7\ISE_DS\ISE\.
Loading device for application Rf_Device from file '7a100t.nph' in environment C:\Xilinx\14.7\ISE_DS\ISE\.

Synthesizing (advanced) Unit <clk_divider>.
The following registers are absorbed into counter <cnt>: 1 register on signal <cnt>.
Unit <clk_divider> synthesized (advanced).

=========================================================================
Advanced HDL Synthesis Report

Macro Statistics
# Counters                                             : 1
 32-bit up counter                                     : 1
# Registers                                            : 9
 Flip-Flops                                            : 9
# Comparators                                          : 2
 32-bit comparator greater                             : 2
# Xors                                                 : 3
 1-bit xor2                                            : 3

=========================================================================

=========================================================================
*                         Low Level Synthesis                           *
=========================================================================

Optimizing unit <wrapper> ...

Mapping all equations...
Building and optimizing final netlist ...
Found area constraint ratio of 100 (+ 5) on block wrapper, actual ratio is 0.

Final Macro Processing ...

=========================================================================
Final Register Report

Macro Statistics
# Registers                                            : 41
 Flip-Flops                                            : 41

=========================================================================

=========================================================================
*                           Partition Report                            *
=========================================================================

Partition Implementation Status
-------------------------------

  No Partitions were found in this design.

-------------------------------

=========================================================================
*                            Design Summary                             *
=========================================================================

Top Level Output File Name         : wrapper.ngc

Primitive and Black Box Usage:
------------------------------
# BELS                             : 135
#      GND                         : 1
#      INV                         : 3
#      LUT1                        : 31
#      LUT2                        : 4
#      LUT3                        : 3
#      LUT4                        : 3
#      LUT5                        : 14
#      MUXCY                       : 43
#      VCC                         : 1
#      XORCY                       : 32
# FlipFlops/Latches                : 41
#      FD                          : 5
#      FDC                         : 4
#      FDR                         : 32
# Clock Buffers                    : 1
#      BUFGP                       : 1
# IO Buffers                       : 5
#      IBUF                        : 1
#      OBUF                        : 4

Device utilization summary:
---------------------------

Selected Device : xa7a100tcsg324-2i 


Slice Logic Utilization: 
 Number of Slice Registers:              37  out of  126800     0%  
 Number of Slice LUTs:                   58  out of  63400     0%  
    Number used as Logic:                58  out of  63400     0%  

Slice Logic Distribution: 
 Number of LUT Flip Flop pairs used:     59
   Number with an unused Flip Flop:      22  out of     59    37%  
   Number with an unused LUT:             1  out of     59     1%  
   Number of fully used LUT-FF pairs:    36  out of     59    61%  
   Number of unique control sets:         3

IO Utilization: 
 Number of IOs:                           6
 Number of bonded IOBs:                   6  out of    210     2%  
    IOB Flip Flops/Latches:               4

Specific Feature Utilization:
 Number of BUFG/BUFGCTRLs:                1  out of     32     3%  

---------------------------
Partition Resource Summary:
---------------------------

  No Partitions were found in this design.

---------------------------


=========================================================================
Timing Report

NOTE: THESE TIMING NUMBERS ARE ONLY A SYNTHESIS ESTIMATE.
      FOR ACCURATE TIMING INFORMATION PLEASE REFER TO THE TRACE REPORT
      GENERATED AFTER PLACE-and-ROUTE.

Clock Information:
------------------
-----------------------------------+------------------------+-------+
Clock Signal                       | Clock buffer(FF name)  | Load  |
-----------------------------------+------------------------+-------+
clk                                | BUFGP                  | 37    |
_i000003/cd1/out_clk               | NONE(_i000003/d4/q)    | 4     |
-----------------------------------+------------------------+-------+
INFO:Xst:2169 - HDL ADVISOR - Some clock signals were not automatically buffered by XST with BUFG/BUFR resources. Please use the buffer_type constraint in order to insert these buffers to the clock signals to help prevent skew problems.

Asynchronous Control Signals Information:
----------------------------------------
No asynchronous control signals found in this design

Timing Summary:
---------------
Speed Grade: -2

   Minimum period: 2.754ns (Maximum Frequency: 363.101MHz)
   Minimum input arrival time before clock: 0.706ns
   Maximum output required time after clock: 0.700ns
   Maximum combinational path delay: No path found

Timing Details:
---------------
All values displayed in nanoseconds (ns)

=========================================================================
Timing constraint: Default period analysis for Clock 'clk'
  Clock period: 2.754ns (frequency: 363.101MHz)
  Total number of paths / destination ports: 2138 / 65
-------------------------------------------------------------------------
Delay:               2.754ns (Levels of Logic = 8)
  Source:            _i000003/cd1/cnt_0 (FF)
  Destination:       _i000003/cd1/cnt_0 (FF)
  Source Clock:      clk rising
  Destination Clock: clk rising

  Data Path: _i000003/cd1/cnt_0 to _i000003/cd1/cnt_0
                                Gate     Net
    Cell:in->out      fanout   Delay   Delay  Logical Name (Net Name)
    ----------------------------------------  ------------
     FDR:C->Q              2   0.361   0.748  _i000003/cd1/cnt_0 (_i000003/cd1/cnt_0)
     LUT5:I0->O            1   0.097   0.000  _i000003/cd1/Mcompar_n0001_lut<0> (_i000003/cd1/Mcompar_n0001_lut<0>)
     MUXCY:S->O            1   0.353   0.000  _i000003/cd1/Mcompar_n0001_cy<0> (_i000003/cd1/Mcompar_n0001_cy<0>)
     MUXCY:CI->O           1   0.023   0.000  _i000003/cd1/Mcompar_n0001_cy<1> (_i000003/cd1/Mcompar_n0001_cy<1>)
     MUXCY:CI->O           1   0.023   0.000  _i000003/cd1/Mcompar_n0001_cy<2> (_i000003/cd1/Mcompar_n0001_cy<2>)
     MUXCY:CI->O           1   0.023   0.000  _i000003/cd1/Mcompar_n0001_cy<3> (_i000003/cd1/Mcompar_n0001_cy<3>)
     MUXCY:CI->O           1   0.023   0.000  _i000003/cd1/Mcompar_n0001_cy<4> (_i000003/cd1/Mcompar_n0001_cy<4>)
     MUXCY:CI->O           1   0.023   0.000  _i000003/cd1/Mcompar_n0001_cy<5> (_i000003/cd1/Mcompar_n0001_cy<5>)
     MUXCY:CI->O          32   0.262   0.469  _i000003/cd1/Mcompar_n0001_cy<6> (_i000003/cd1/Mcompar_n0001_cy<6>)
     FDR:R                     0.349          _i000003/cd1/cnt_0
    ----------------------------------------
    Total                      2.754ns (1.537ns logic, 1.217ns route)
                                       (55.8% logic, 44.2% route)

=========================================================================
Timing constraint: Default period analysis for Clock '_i000003/cd1/out_clk'
  Clock period: 1.183ns (frequency: 845.130MHz)
  Total number of paths / destination ports: 10 / 4
-------------------------------------------------------------------------
Delay:               1.183ns (Levels of Logic = 1)
  Source:            _i000003/d1/q (FF)
  Destination:       _i000003/d1/q (FF)
  Source Clock:      _i000003/cd1/out_clk rising
  Destination Clock: _i000003/cd1/out_clk rising

  Data Path: _i000003/d1/q to _i000003/d1/q
                                Gate     Net
    Cell:in->out      fanout   Delay   Delay  Logical Name (Net Name)
    ----------------------------------------  ------------
     FDC:C->Q              5   0.361   0.362  _i000003/d1/q (_i000003/d1/q)
     INV:I->O              1   0.113   0.339  _i000003/a1/sum<0>1_INV_0 (_i000003/adder_out<0>)
     FDC:D                     0.008          _i000003/d1/q
    ----------------------------------------
    Total                      1.183ns (0.482ns logic, 0.701ns route)
                                       (40.7% logic, 59.3% route)

=========================================================================
Timing constraint: Default OFFSET IN BEFORE for Clock '_i000003/cd1/out_clk'
  Total number of paths / destination ports: 4 / 4
-------------------------------------------------------------------------
Offset:              0.706ns (Levels of Logic = 1)
  Source:            rst (PAD)
  Destination:       _i000003/d4/q (FF)
  Destination Clock: _i000003/cd1/out_clk rising

  Data Path: rst to _i000003/d4/q
                                Gate     Net
    Cell:in->out      fanout   Delay   Delay  Logical Name (Net Name)
    ----------------------------------------  ------------
     IBUF:I->O             4   0.001   0.356  rst_IBUF (rst_IBUF)
     FDC:CLR                   0.349          _i000003/d4/q
    ----------------------------------------
    Total                      0.706ns (0.350ns logic, 0.356ns route)
                                       (49.6% logic, 50.4% route)

=========================================================================
Timing constraint: Default OFFSET OUT AFTER for Clock 'clk'
  Total number of paths / destination ports: 4 / 4
-------------------------------------------------------------------------
Offset:              0.700ns (Levels of Logic = 1)
  Source:            counter_3 (FF)
  Destination:       counter<3> (PAD)
  Source Clock:      clk rising

  Data Path: counter_3 to counter<3>
                                Gate     Net
    Cell:in->out      fanout   Delay   Delay  Logical Name (Net Name)
    ----------------------------------------  ------------
     FD:C->Q               1   0.361   0.339  counter_3 (counter_3)
     OBUF:I->O                 0.000          counter_3_OBUF (counter<3>)
    ----------------------------------------
    Total                      0.700ns (0.361ns logic, 0.339ns route)
                                       (51.6% logic, 48.4% route)

=========================================================================

Cross Clock Domains Report:
--------------------------

Clock to Setup on destination clock _i000003/cd1/out_clk
--------------------+---------+---------+---------+---------+
                    | Src:Rise| Src:Fall| Src:Rise| Src:Fall|
Source Clock        |Dest:Rise|Dest:Rise|Dest:Fall|Dest:Fall|
--------------------+---------+---------+---------+---------+
_i000003/cd1/out_clk|    1.183|         |         |         |
--------------------+---------+---------+---------+---------+

Clock to Setup on destination clock clk
--------------------+---------+---------+---------+---------+
                    | Src:Rise| Src:Fall| Src:Rise| Src:Fall|
Source Clock        |Dest:Rise|Dest:Rise|Dest:Fall|Dest:Fall|
--------------------+---------+---------+---------+---------+
_i000003/cd1/out_clk|    0.731|         |         |         |
clk                 |    2.754|         |         |         |
--------------------+---------+---------+---------+---------+

=========================================================================


Total REAL time to Xst completion: 27.00 secs
Total CPU time to Xst completion: 27.48 secs
 
--> 

Total memory usage is 5041440 kilobytes

Number of errors   :    0 (   0 filtered)
Number of warnings :    2 (   0 filtered)
Number of infos    :    1 (   0 filtered)

