
****** PlanAhead v14.7 (64-bit)
  **** Build 321239 by xbuild on Fri Sep 27 19:29:51 MDT 2013
    ** Copyright 1986-1999, 2001-2013 Xilinx, Inc. All Rights Reserved.

INFO: [Common 17-78] Attempting to get a license: PlanAhead
INFO: [Common 17-290] Got license for PlanAhead
INFO: [Device 21-36] Loading parts and site information from C:/Xilinx/14.7/ISE_DS/PlanAhead/data/parts/arch.xml
Parsing RTL primitives file [C:/Xilinx/14.7/ISE_DS/PlanAhead/data/parts/xilinx/rtl/prims/rtl_prims.xml]
Finished parsing RTL primitives file [C:/Xilinx/14.7/ISE_DS/PlanAhead/data/parts/xilinx/rtl/prims/rtl_prims.xml]
start_gui
source C:/Users/Student/Downloads/COA-Lab-Gr69-Assgn-main/COA-Lab-Gr69-Assgn-main/A3/Assgn3_Grp69_Q2/pa.fromNcd.tcl
# create_project -name Assgn3_Grp69_Q2 -dir "C:/Users/Student/Downloads/COA-Lab-Gr69-Assgn-main/COA-Lab-Gr69-Assgn-main/A3/Assgn3_Grp69_Q2/planAhead_run_1" -part xc7a100tcsg324-1
create_project: Time (s): elapsed = 00:00:09 . Memory (MB): peak = 436.473 ; gain = 63.207
# set srcset [get_property srcset [current_run -impl]]
# set_property design_mode GateLvl $srcset
# set_property edif_top_file "C:/Users/Student/Downloads/COA-Lab-Gr69-Assgn-main/COA-Lab-Gr69-Assgn-main/A3/Assgn3_Grp69_Q2/wrapper_RCA_16.ngc" [ get_property srcset [ current_run ] ]
# add_files -norecurse { {C:/Users/Student/Downloads/COA-Lab-Gr69-Assgn-main/COA-Lab-Gr69-Assgn-main/A3/Assgn3_Grp69_Q2} }
# set_property target_constrs_file "timing.ucf" [current_fileset -constrset]
Adding file 'C:/Users/Student/Downloads/COA-Lab-Gr69-Assgn-main/COA-Lab-Gr69-Assgn-main/A3/Assgn3_Grp69_Q2/timing.ucf' to fileset 'constrs_1'
# add_files [list {timing.ucf}] -fileset [get_property constrset [current_run]]
# link_design
Design is defaulting to srcset: sources_1
Design is defaulting to constrset: constrs_1
Design is defaulting to project part: xc7a100tcsg324-1
Release 14.7 - ngc2edif P.20131013 (nt64)
Copyright (c) 1995-2013 Xilinx, Inc.  All rights reserved.
Reading design wrapper_RCA_16.ngc ...
WARNING:NetListWriters:298 - No output is written to wrapper_RCA_16.xncf,
   ignored.
Processing design ...
   Preping design's networks ...
   Preping design's macros ...
  finished :Prep
Writing EDIF netlist file wrapper_RCA_16.edif ...
ngc2edif: Total memory usage is 4310320 kilobytes

Parsing EDIF File [./planAhead_run_1/Assgn3_Grp69_Q2.data/cache/wrapper_RCA_16_ngc_zx.edif]
Finished Parsing EDIF File [./planAhead_run_1/Assgn3_Grp69_Q2.data/cache/wrapper_RCA_16_ngc_zx.edif]
INFO: [Netlist 29-17] Analyzing 51 Unisim elements for replacement
INFO: [Netlist 29-28] Unisim Transformation completed in 0 CPU seconds
Loading clock regions from C:/Xilinx/14.7/ISE_DS/PlanAhead/data\parts/xilinx/artix7/artix7/xc7a100t/ClockRegion.xml
Loading clock buffers from C:/Xilinx/14.7/ISE_DS/PlanAhead/data\parts/xilinx/artix7/artix7/xc7a100t/ClockBuffers.xml
Loading clock placement rules from C:/Xilinx/14.7/ISE_DS/PlanAhead/data/parts/xilinx/artix7/ClockPlacerRules.xml
Loading package pin functions from C:/Xilinx/14.7/ISE_DS/PlanAhead/data\parts/xilinx/artix7/PinFunctions.xml...
Loading package from C:/Xilinx/14.7/ISE_DS/PlanAhead/data\parts/xilinx/artix7/artix7/xc7a100t/csg324/Package.xml
Loading io standards from C:/Xilinx/14.7/ISE_DS/PlanAhead/data\./parts/xilinx/artix7/IOStandards.xml
Loading device configuration modes from C:/Xilinx/14.7/ISE_DS/PlanAhead/data\parts/xilinx/artix7/ConfigModes.xml
Loading list of drcs for the architecture : C:/Xilinx/14.7/ISE_DS/PlanAhead/data\./parts/xilinx/artix7/drc.xml
Parsing UCF File [C:/Users/Student/Downloads/COA-Lab-Gr69-Assgn-main/COA-Lab-Gr69-Assgn-main/A3/Assgn3_Grp69_Q2/timing.ucf]
Finished Parsing UCF File [C:/Users/Student/Downloads/COA-Lab-Gr69-Assgn-main/COA-Lab-Gr69-Assgn-main/A3/Assgn3_Grp69_Q2/timing.ucf]
INFO: [Project 1-111] Unisim Transformation Summary:
  A total of 51 instances were transformed.
  BUFGP => BUFGP (IBUF, BUFG): 1 instances
  FDR => FDRE: 50 instances

Phase 0 | Netlist Checksum: c40a8352
link_design: Time (s): elapsed = 00:01:00 . Memory (MB): peak = 740.523 ; gain = 301.547
# read_xdl -file "C:/Users/Student/Downloads/COA-Lab-Gr69-Assgn-main/COA-Lab-Gr69-Assgn-main/A3/Assgn3_Grp69_Q2/wrapper_RCA_16.ncd"
Release 14.7 - xdl P.20131013 (nt64)
Copyright (c) 1995-2013 Xilinx, Inc.  All rights reserved.

WARNING:XDL:213 - The resulting xdl output will not have LUT equation strings or RAM INIT strings.
Loading device for application Rf_Device from file '7a100t.nph' in environment C:\Xilinx\14.7\ISE_DS\ISE\.
   "wrapper_RCA_16" is an NCD, version 3.2, device xc7a100t, package csg324, speed -1
Successfully converted design 'C:\Users\Student\Downloads\COA-Lab-Gr69-Assgn-main\COA-Lab-Gr69-Assgn-main\A3\Assgn3_Grp69_Q2\wrapper_RCA_16.ncd' to
'C:\Users\Student\Downloads\COA-Lab-Gr69-Assgn-main\COA-Lab-Gr69-Assgn-main\A3\Assgn3_Grp69_Q2\wrapper_RCA_16.xdl'.
INFO: [Designutils 20-669] Parsing Placement File : C:/Users/Student/Downloads/COA-Lab-Gr69-Assgn-main/COA-Lab-Gr69-Assgn-main/A3/Assgn3_Grp69_Q2/wrapper_RCA_16.ncd
INFO: [Designutils 20-658] Finished Parsing Placement File : C:/Users/Student/Downloads/COA-Lab-Gr69-Assgn-main/COA-Lab-Gr69-Assgn-main/A3/Assgn3_Grp69_Q2/wrapper_RCA_16.ncd
INFO: [Designutils 20-671] Placed 83 instances
read_xdl: Time (s): elapsed = 00:00:26 . Memory (MB): peak = 746.125 ; gain = 0.000
# if {[catch {read_twx -name results_1 -file "C:/Users/Student/Downloads/COA-Lab-Gr69-Assgn-main/COA-Lab-Gr69-Assgn-main/A3/Assgn3_Grp69_Q2/wrapper_RCA_16.twx"} eInfo]} {
#    puts "WARNING: there was a problem importing \"C:/Users/Student/Downloads/COA-Lab-Gr69-Assgn-main/COA-Lab-Gr69-Assgn-main/A3/Assgn3_Grp69_Q2/wrapper_RCA_16.twx\": $eInfo"
# }
INFO: [Timing 38-71] No path element with name S_net<14>_rt found. It will be ignored.
INFO: [Timing 38-71] No path element with name S_net<14>_rt found. It will be ignored.
INFO: [Timing 38-71] No path element with name S_net<14>_rt found. It will be ignored.
exit
ERROR: [Common 17-39] 'stop_gui' failed due to earlier errors.
INFO: [Common 17-206] Exiting PlanAhead at Wed Aug 31 16:29:38 2022...
INFO: [Common 17-83] Releasing license: PlanAhead
