Command line:
   RCA64_TB_isim_beh.exe
     -simmode  gui
     -simrunnum  0
     -socket  60724

Fri Aug 26 02:50:39 2022


 Elaboration Time: 0.03125 sec

 Current Memory Usage: 5155.09 Meg

 Total Signals          : 617
 Total Nets             : 462
 Total Signal Drivers   : 328
 Total Blocks           : 81
 Total Primitive Blocks : 65
 Total Processes        : 330
 Total Traceable Variables  : 21
 Total Scalar Nets and Variables : 671
Total Line Count : 26

 Total Simulation Time: 0.03125 sec

 Current Memory Usage: 5155.09 Meg

Fri Aug 26 02:50:46 2022

