ISim log file
Running: C:\Users\LENOVO\Desktop\RCA_jr\RCA64_TB_isim_beh.exe -intstyle ise -gui -tclbatch isim.cmd -wdb C:/Users/LENOVO/Desktop/RCA_jr/RCA64_TB_isim_beh.wdb 
ISim P.20131013 (signature 0x7708f090)
----------------------------------------------------------------------
INFO:Security:51 - The XILINXD_LICENSE_FILE environment variable is not set.
INFO:Security:53 - The LM_LICENSE_FILE environment variable is not set.
INFO:Security:68a - user is LENOVO, on host DESKTOP-ETNQ9EC.
WARNING:Security:43 - No license file was found in the standard Xilinx license directory.
WARNING:Security:44 - Since no license file was found,
       please run the Xilinx License Configuration Manager
       (xlcm or "Manage Xilinx Licenses")
       to assist in obtaining a license.
ERROR:Security:14 - No feature was available for 'ISIM'.

No such feature exists.
Feature:       ISIM
License path:  C:/.Xilinx;E:\Xlinx\14.7\ISE_DS\ISE\/coregen/core_licenses\Xilinx.lic;E:\Xlinx\14.7\ISE_DS\ISE\/coregen/core_licenses\XilinxFree.lic;E:\Xlinx\14.7\ISE_DS\EDK/data/core_licenses\Xilinx.lic;
FLEXnet Licensing error:-5,357
For further information, refer to the FLEXnet Licensing documentation,
available at "www.flexerasoftware.com".
----------------------------------------------------------------------
WARNING: A full ISim License cannot be checked out due to the issues listed above. Please use Xilinx License Configuration Manager to fix these issues in order to check out a full ISim license.
WARNING: ISim will run in Lite mode. Please refer to the ISim documentation for more information on the differences between the Lite and the Full version.
This is a Lite version of ISim.
Time resolution is 1 ps
# onerror resume
# wave add /
# run 1000 ns
Simulator is doing circuit initialization process.
Finished circuit initialization process.
A =  4294967290234234234, B =    42949672942342322, cin = 0, sum =  4337916963176576556, cout = 0

A =                    0, B =    92949672951231231, cin = 0, sum =    92949672951231231, cout = 0

A =                 1005, B =                   69, cin = 1, sum =                 1075, cout = 0

A =               151242, B =             53831224, cin = 1, sum =             53982467, cout = 0

A =                  501, B =              5002423, cin = 0, sum =              5002924, cout = 0

