Command line:
   RCA8_TB_isim_beh.exe
     -simmode  gui
     -simrunnum  0
     -socket  57777

Fri Aug 26 01:43:27 2022


 Elaboration Time: 0.0625 sec

 Current Memory Usage: 5151.47 Meg

 Total Signals          : 85
 Total Nets             : 70
 Total Signal Drivers   : 48
 Total Blocks           : 11
 Total Primitive Blocks : 9
 Total Processes        : 50
 Total Traceable Variables  : 21
 Total Scalar Nets and Variables : 167
Total Line Count : 26

 Total Simulation Time: 0.109375 sec

 Current Memory Usage: 5466.04 Meg

Fri Aug 26 01:44:07 2022

