Command line:
   RCA32_TB_isim_beh.exe
     -simmode  gui
     -simrunnum  0
     -socket  58183

Fri Aug 26 01:45:33 2022


 Elaboration Time: 0.046875 sec

 Current Memory Usage: 5151.57 Meg

 Total Signals          : 313
 Total Nets             : 238
 Total Signal Drivers   : 168
 Total Blocks           : 41
 Total Primitive Blocks : 33
 Total Processes        : 170
 Total Traceable Variables  : 21
 Total Scalar Nets and Variables : 383
Total Line Count : 26

 Total Simulation Time: 0.09375 sec

 Current Memory Usage: 4994.29 Meg

Fri Aug 26 01:46:43 2022

